<?xml version="1.0" encoding="UTF-8"?>
<testsuite xmlns:xsi="http://www.w3.org/2001/XMLSchema-instance" xsi:noNamespaceSchemaLocation="https://maven.apache.org/surefire/maven-surefire-plugin/xsd/surefire-test-report.xsd" version="3.0.2" name="iset.master.miniprojet_spring.MiniProjetSpringApplicationTests" time="5.721" tests="1" errors="0" skipped="0" failures="0" flakes="0">
  <properties>
[...]
</properties>
  <testcase name="contextLoads" classname="iset.master.miniprojet_spring.MiniProjetSpringApplicationTests" time="0.439">
    <system-out><![CDATA[01:30:37.506 [main] INFO org.springframework.test.context.support.AnnotationConfigContextLoaderUtils -- Could not detect default configuration classes for test class [iset.master.miniprojet_spring.MiniProjetSpringApplicationTests]: MiniProjetSpringApplicationTests does not declare any static, non-private, non-final, nested classes annotated with @Configuration.
01:30:37.665 [main] INFO org.springframework.boot.test.context.SpringBootTestContextBootstrapper -- Found @SpringBootConfiguration iset.master.miniprojet_spring.MiniProjetSpringApplication for test class iset.master.miniprojet_spring.MiniProjetSpringApplicationTests
01:30:37.767 [main] INFO org.springframework.test.context.support.AnnotationConfigContextLoaderUtils -- Could not detect default configuration classes for test class [iset.master.miniprojet_spring.MiniProjetSpringApplicationTests]: MiniProjetSpringApplicationTests does not declare any static, non-private, non-final, nested classes annotated with @Configuration.
01:30:37.769 [main] INFO org.springframework.boot.test.context.SpringBootTestContextBootstrapper -- Found @SpringBootConfiguration iset.master.miniprojet_spring.MiniProjetSpringApplication for test class iset.master.miniprojet_spring.MiniProjetSpringApplicationTests

  .   ____          _            __ _ _
 /\\ / ___'_ __ _ _(_)_ __  __ _ \ \ \ \
( ( )\___ | '_ | '_| | '_ \/ _` | \ \ \ \
 \\/  ___)| |_)| | | | | || (_| |  ) ) ) )
  '  |____| .__|_| |_|_| |_\__, | / / / /
 =========|_|==============|___/=/_/_/_/

 :: Spring Boot ::                (v4.1.0)

2026-07-05T01:30:38.180+01:00  INFO 38580 --- [miniProjet_Spring] [           main] i.m.m.MiniProjetSpringApplicationTests   : Starting MiniProjetSpringApplicationTests using Java 21.0.9 with PID 38580 (started by emnaa in C:\Users\emnaa\IdeaProjects\miniProjet_Spring)
2026-07-05T01:30:38.183+01:00  INFO 38580 --- [miniProjet_Spring] [           main] i.m.m.MiniProjetSpringApplicationTests   : The following 1 profile is active: "test"
2026-07-05T01:30:38.937+01:00  INFO 38580 --- [miniProjet_Spring] [           main] .s.d.r.c.RepositoryConfigurationDelegate : Bootstrapping Spring Data JPA repositories in DEFAULT mode.
2026-07-05T01:30:39.011+01:00  INFO 38580 --- [miniProjet_Spring] [           main] .s.d.r.c.RepositoryConfigurationDelegate : Finished Spring Data repository scanning in 60 ms. Found 1 JPA repository interface.
2026-07-05T01:30:39.484+01:00  INFO 38580 --- [miniProjet_Spring] [           main] org.hibernate.orm.jpa                    : HHH008540: Processing PersistenceUnitInfo [name: default]
2026-07-05T01:30:39.557+01:00  INFO 38580 --- [miniProjet_Spring] [           main] org.hibernate.orm.core                   : HHH000001: Hibernate ORM core version 7.4.1.Final
2026-07-05T01:30:40.231+01:00  INFO 38580 --- [miniProjet_Spring] [           main] o.s.o.j.p.SpringPersistenceUnitInfo      : No LoadTimeWeaver setup: ignoring JPA class transformer
2026-07-05T01:30:40.280+01:00  INFO 38580 --- [miniProjet_Spring] [           main] com.zaxxer.hikari.HikariDataSource       : HikariPool-1 - Starting...
2026-07-05T01:30:40.522+01:00  INFO 38580 --- [miniProjet_Spring] [           main] com.zaxxer.hikari.pool.HikariPool        : HikariPool-1 - Added connection conn0: url=jdbc:h2:mem:miniprojet_test_db user=SA
2026-07-05T01:30:40.524+01:00  INFO 38580 --- [miniProjet_Spring] [           main] com.zaxxer.hikari.HikariDataSource       : HikariPool-1 - Start completed.
2026-07-05T01:30:40.598+01:00  INFO 38580 --- [miniProjet_Spring] [           main] org.hibernate.orm.connections.pooling    : HHH10001005: Database info:
	Database JDBC URL [jdbc:h2:mem:miniprojet_test_db]
	Database driver: H2 JDBC Driver
	Database dialect: H2Dialect
	Database version: 2.4.240
	Default catalog/schema: MINIPROJET_TEST_DB/PUBLIC
	Autocommit mode: undefined/unknown
	Isolation level: READ_COMMITTED [default READ_COMMITTED]
	JDBC fetch size: 100
	Pool: DataSourceConnectionProvider
	Minimum pool size: undefined/unknown
	Maximum pool size: undefined/unknown
2026-07-05T01:30:41.487+01:00  INFO 38580 --- [miniProjet_Spring] [           main] org.hibernate.orm.core                   : HHH000489: No JTA platform available (set 'hibernate.transaction.jta.platform' to enable JTA platform integration)
2026-07-05T01:30:41.531+01:00  INFO 38580 --- [miniProjet_Spring] [           main] j.LocalContainerEntityManagerFactoryBean : Initialized JPA EntityManagerFactory for persistence unit 'default'
2026-07-05T01:30:41.636+01:00  INFO 38580 --- [miniProjet_Spring] [           main] o.s.d.j.r.query.QueryEnhancerFactories   : Hibernate is in classpath; If applicable, HQL parser will be used.
2026-07-05T01:30:41.834+01:00  WARN 38580 --- [miniProjet_Spring] [           main] JpaBaseConfiguration$JpaWebConfiguration : spring.jpa.open-in-view is enabled by default. Therefore, database queries may be performed during view rendering. Explicitly configure spring.jpa.open-in-view to disable this warning
2026-07-05T01:30:42.493+01:00  INFO 38580 --- [miniProjet_Spring] [           main] i.m.m.MiniProjetSpringApplicationTests   : Started MiniProjetSpringApplicationTests in 4.659 seconds (process running for 6.0)
]]></system-out>
    <system-err><![CDATA[Mockito is currently self-attaching to enable the inline-mock-maker. This will no longer work in future releases of the JDK. Please add Mockito as an agent to your build as described in Mockito's documentation: https://javadoc.io/doc/org.mockito/mockito-core/latest/org.mockito/org/mockito/Mockito.html#0.3
WARNING: A Java agent has been loaded dynamically (C:\Users\emnaa\.m2\repository\net\bytebuddy\byte-buddy-agent\1.18.10\byte-buddy-agent-1.18.10.jar)
WARNING: If a serviceability tool is in use, please run with -XX:+EnableDynamicAgentLoading to hide this warning
WARNING: If a serviceability tool is not in use, please run with -Djdk.instrument.traceUsage for more information
WARNING: Dynamic loading of agents will be disallowed by default in a future release
]]></system-err>
  </testcase>
</testsuite>